Determining if the pthread_create exist failed with the following output:
Change Dir: /home/m175148/intern/Arcade-Learning-Environment-0.5.1/CMakeFiles/CMakeTmp

Run Build Command:/usr/bin/make "cmTryCompileExec660026792/fast"
/usr/bin/make -f CMakeFiles/cmTryCompileExec660026792.dir/build.make CMakeFiles/cmTryCompileExec660026792.dir/build
make[1]: Entering directory `/home/m175148/intern/Arcade-Learning-Environment-0.5.1/CMakeFiles/CMakeTmp'
/usr/bin/cmake -E cmake_progress_report /home/m175148/intern/Arcade-Learning-Environment-0.5.1/CMakeFiles/CMakeTmp/CMakeFiles 1
Building C object CMakeFiles/cmTryCompileExec660026792.dir/CheckSymbolExists.c.o
/usr/bin/cc    -o CMakeFiles/cmTryCompileExec660026792.dir/CheckSymbolExists.c.o   -c /home/m175148/intern/Arcade-Learning-Environment-0.5.1/CMakeFiles/CMakeTmp/CheckSymbolExists.c
Linking C executable cmTryCompileExec660026792
/usr/bin/cmake -E cmake_link_script CMakeFiles/cmTryCompileExec660026792.dir/link.txt --verbose=1
/usr/bin/cc       CMakeFiles/cmTryCompileExec660026792.dir/CheckSymbolExists.c.o  -o cmTryCompileExec660026792 -rdynamic 
CMakeFiles/cmTryCompileExec660026792.dir/CheckSymbolExists.c.o: In function `main':
CheckSymbolExists.c:(.text+0x16): undefined reference to `pthread_create'
collect2: error: ld returned 1 exit status
make[1]: Leaving directory `/home/m175148/intern/Arcade-Learning-Environment-0.5.1/CMakeFiles/CMakeTmp'
make[1]: *** [cmTryCompileExec660026792] Error 1
make: *** [cmTryCompileExec660026792/fast] Error 2

File /home/m175148/intern/Arcade-Learning-Environment-0.5.1/CMakeFiles/CMakeTmp/CheckSymbolExists.c:
/* */
#include <pthread.h>

int main(int argc, char** argv)
{
  (void)argv;
#ifndef pthread_create
  return ((int*)(&pthread_create))[argc];
#else
  (void)argc;
  return 0;
#endif
}

Determining if the function pthread_create exists in the pthreads failed with the following output:
Change Dir: /home/m175148/intern/Arcade-Learning-Environment-0.5.1/CMakeFiles/CMakeTmp

Run Build Command:/usr/bin/make "cmTryCompileExec3575534604/fast"
/usr/bin/make -f CMakeFiles/cmTryCompileExec3575534604.dir/build.make CMakeFiles/cmTryCompileExec3575534604.dir/build
make[1]: Entering directory `/home/m175148/intern/Arcade-Learning-Environment-0.5.1/CMakeFiles/CMakeTmp'
/usr/bin/cmake -E cmake_progress_report /home/m175148/intern/Arcade-Learning-Environment-0.5.1/CMakeFiles/CMakeTmp/CMakeFiles 1
Building C object CMakeFiles/cmTryCompileExec3575534604.dir/CheckFunctionExists.c.o
/usr/bin/cc   -DCHECK_FUNCTION_EXISTS=pthread_create   -o CMakeFiles/cmTryCompileExec3575534604.dir/CheckFunctionExists.c.o   -c /usr/share/cmake-2.8/Modules/CheckFunctionExists.c
Linking C executable cmTryCompileExec3575534604
/usr/bin/cmake -E cmake_link_script CMakeFiles/cmTryCompileExec3575534604.dir/link.txt --verbose=1
/usr/bin/cc   -DCHECK_FUNCTION_EXISTS=pthread_create    CMakeFiles/cmTryCompileExec3575534604.dir/CheckFunctionExists.c.o  -o cmTryCompileExec3575534604 -rdynamic -lpthreads 
/usr/bin/ld: cannot find -lpthreads
collect2: error: ld returned 1 exit status
make[1]: Leaving directory `/home/m175148/intern/Arcade-Learning-Environment-0.5.1/CMakeFiles/CMakeTmp'
make[1]: *** [cmTryCompileExec3575534604] Error 1
make: *** [cmTryCompileExec3575534604/fast] Error 2


